<?xml version="1.0" encoding="utf-8" standalone="no"?>
<!--This file represents the results of running a test suite-->
<test-results name="..\\KataTennis.Tests.Unit\bin\Debug\KataTennis.Tests.Unit.dll" total="16" errors="0" failures="0" not-run="0" inconclusive="0" ignored="0" skipped="0" invalid="0" date="2010-10-05" time="20:25:05">
  <environment nunit-version="2.5.5.10112" clr-version="2.0.50727.4206" os-version="Microsoft Windows NT 6.0.6002 Service Pack 2" platform="Win32NT" cwd="C:\Projects\Katas\10-5-2010\KataTennis\tools" machine-name="OFFICE" user="Matt" user-domain="OFFICE" />
  <culture-info current-culture="en-US" current-uiculture="en-US" />
  <test-suite type="Assembly" name="..\\KataTennis.Tests.Unit\bin\Debug\KataTennis.Tests.Unit.dll" executed="True" result="Success" success="True" time="0.147" asserts="0">
    <results>
      <test-suite type="Namespace" name="KataTennis" executed="True" result="Success" success="True" time="0.121" asserts="0">
        <results>
          <test-suite type="Namespace" name="Tests" executed="True" result="Success" success="True" time="0.121" asserts="0">
            <results>
              <test-suite type="Namespace" name="Unit" executed="True" result="Success" success="True" time="0.118" asserts="0">
                <results>
                  <test-suite type="TestFixture" name="TennisScoreTests" executed="True" result="Success" success="True" time="0.116" asserts="0">
                    <results>
                      <test-suite type="ParameterizedTest" name="TestDefault" executed="True" result="Success" success="True" time="0.057" asserts="0">
                        <results>
                          <test-case name="KataTennis.Tests.Unit.TennisScoreTests.TestDefault()" executed="True" result="Success" success="True" time="0.045" asserts="2" />
                        </results>
                      </test-suite>
                      <test-suite type="ParameterizedTest" name="TestScored" executed="True" result="Success" success="True" time="0.024" asserts="0">
                        <results>
                          <test-case name="KataTennis.Tests.Unit.TennisScoreTests.TestScored(32,32,Left,&quot;advantage Left&quot;)" executed="True" result="Success" success="True" time="0.002" asserts="2" />
                          <test-case name="KataTennis.Tests.Unit.TennisScoreTests.TestScored(32,33,Right,&quot;Left: forty Right: WINNER!&quot;)" executed="True" result="Success" success="True" time="0.000" asserts="2" />
                          <test-case name="KataTennis.Tests.Unit.TennisScoreTests.TestScored(1,0,Left,&quot;Left: thirty Right: love&quot;)" executed="True" result="Success" success="True" time="0.001" asserts="2" />
                          <test-case name="KataTennis.Tests.Unit.TennisScoreTests.TestScored(2,0,Left,&quot;Left: forty Right: love&quot;)" executed="True" result="Success" success="True" time="0.000" asserts="2" />
                          <test-case name="KataTennis.Tests.Unit.TennisScoreTests.TestScored(3,0,Left,&quot;Left: WINNER! Right: love&quot;)" executed="True" result="Success" success="True" time="0.000" asserts="2" />
                          <test-case name="KataTennis.Tests.Unit.TennisScoreTests.TestScored(0,3,Right,&quot;Left: love Right: WINNER!&quot;)" executed="True" result="Success" success="True" time="0.000" asserts="2" />
                          <test-case name="KataTennis.Tests.Unit.TennisScoreTests.TestScored(1,0,Right,&quot;Left: fifteen Right: fifteen&quot;)" executed="True" result="Success" success="True" time="0.000" asserts="2" />
                          <test-case name="KataTennis.Tests.Unit.TennisScoreTests.TestScored(2,1,Right,&quot;Left: thirty Right: thirty&quot;)" executed="True" result="Success" success="True" time="0.000" asserts="2" />
                          <test-case name="KataTennis.Tests.Unit.TennisScoreTests.TestScored(3,2,Right,&quot;deuce&quot;)" executed="True" result="Success" success="True" time="0.000" asserts="2" />
                          <test-case name="KataTennis.Tests.Unit.TennisScoreTests.TestScored(3,3,Right,&quot;advantage Right&quot;)" executed="True" result="Success" success="True" time="0.000" asserts="2" />
                          <test-case name="KataTennis.Tests.Unit.TennisScoreTests.TestScored(3,3,Left,&quot;advantage Left&quot;)" executed="True" result="Success" success="True" time="0.000" asserts="2" />
                          <test-case name="KataTennis.Tests.Unit.TennisScoreTests.TestScored(16,15,Right,&quot;deuce&quot;)" executed="True" result="Success" success="True" time="0.000" asserts="2" />
                          <test-case name="KataTennis.Tests.Unit.TennisScoreTests.TestScored(32,32,Right,&quot;advantage Right&quot;)" executed="True" result="Success" success="True" time="0.000" asserts="2" />
                          <test-case name="KataTennis.Tests.Unit.TennisScoreTests.TestScored(0,0,Left,&quot;Left: fifteen Right: love&quot;)" executed="True" result="Success" success="True" time="0.000" asserts="2" />
                          <test-case name="KataTennis.Tests.Unit.TennisScoreTests.TestScored(33,32,Left,&quot;Left: WINNER! Right: forty&quot;)" executed="True" result="Success" success="True" time="0.000" asserts="2" />
                        </results>
                      </test-suite>
                    </results>
                  </test-suite>
                </results>
              </test-suite>
            </results>
          </test-suite>
        </results>
      </test-suite>
    </results>
  </test-suite>
</test-results>