<?xml version="1.0" encoding="utf-8" standalone="no"?>
<!--This file represents the results of running a test suite-->
<test-results name="..\\TennisKata.Tests.Unit\bin\Debug\TennisKata.Tests.Unit.dll" total="17" errors="0" failures="0" not-run="0" inconclusive="0" ignored="0" skipped="0" invalid="0" date="2010-10-06" time="20:09:33">
  <environment nunit-version="2.5.5.10112" clr-version="2.0.50727.4206" os-version="Microsoft Windows NT 6.0.6002 Service Pack 2" platform="Win32NT" cwd="C:\Projects\Katas\10-6-2010\tools" machine-name="OFFICE" user="Matt" user-domain="OFFICE" />
  <culture-info current-culture="en-US" current-uiculture="en-US" />
  <test-suite type="Assembly" name="..\\TennisKata.Tests.Unit\bin\Debug\TennisKata.Tests.Unit.dll" executed="True" result="Success" success="True" time="0.090" asserts="0">
    <results>
      <test-suite type="Namespace" name="TennisKata" executed="True" result="Success" success="True" time="0.080" asserts="0">
        <results>
          <test-suite type="Namespace" name="Tests" executed="True" result="Success" success="True" time="0.077" asserts="0">
            <results>
              <test-suite type="Namespace" name="Unit" executed="True" result="Success" success="True" time="0.075" asserts="0">
                <results>
                  <test-suite type="TestFixture" name="TennisTests" executed="True" result="Success" success="True" time="0.070" asserts="0">
                    <results>
                      <test-suite type="ParameterizedTest" name="TestTennisScoring" executed="True" result="Success" success="True" time="0.059" asserts="0">
                        <results>
                          <test-case name="TennisKata.Tests.Unit.TennisTests.TestTennisScoring(827,827,Right,&quot;Advantage Right&quot;)" executed="True" result="Success" success="True" time="0.034" asserts="2" />
                          <test-case name="TennisKata.Tests.Unit.TennisTests.TestTennisScoring(3,2,Right,&quot;deuce&quot;)" executed="True" result="Success" success="True" time="0.001" asserts="2" />
                          <test-case name="TennisKata.Tests.Unit.TennisTests.TestTennisScoring(827,826,Right,&quot;deuce&quot;)" executed="True" result="Success" success="True" time="0.000" asserts="2" />
                          <test-case name="TennisKata.Tests.Unit.TennisTests.TestTennisScoring(827,826,Left,&quot;Left WINS!&quot;)" executed="True" result="Success" success="True" time="0.000" asserts="2" />
                          <test-case name="TennisKata.Tests.Unit.TennisTests.TestTennisScoring(826,827,Right,&quot;Right WINS!&quot;)" executed="True" result="Success" success="True" time="0.000" asserts="2" />
                          <test-case name="TennisKata.Tests.Unit.TennisTests.TestTennisScoring(0,0,Left,&quot;Left: fifteen Right: love&quot;)" executed="True" result="Success" success="True" time="0.000" asserts="2" />
                          <test-case name="TennisKata.Tests.Unit.TennisTests.TestTennisScoring(0,0,Right,&quot;Left: love Right: fifteen&quot;)" executed="True" result="Success" success="True" time="0.000" asserts="2" />
                          <test-case name="TennisKata.Tests.Unit.TennisTests.TestTennisScoring(1,0,Left,&quot;Left: thirty Right: love&quot;)" executed="True" result="Success" success="True" time="0.000" asserts="2" />
                          <test-case name="TennisKata.Tests.Unit.TennisTests.TestTennisScoring(2,0,Left,&quot;Left: forty Right: love&quot;)" executed="True" result="Success" success="True" time="0.000" asserts="2" />
                          <test-case name="TennisKata.Tests.Unit.TennisTests.TestTennisScoring(827,827,Left,&quot;Advantage Left&quot;)" executed="True" result="Success" success="True" time="0.000" asserts="2" />
                          <test-case name="TennisKata.Tests.Unit.TennisTests.TestTennisScoring(2,3,Left,&quot;deuce&quot;)" executed="True" result="Success" success="True" time="0.000" asserts="2" />
                          <test-case name="TennisKata.Tests.Unit.TennisTests.TestTennisScoring(3,3,Left,&quot;Advantage Left&quot;)" executed="True" result="Success" success="True" time="0.000" asserts="2" />
                          <test-case name="TennisKata.Tests.Unit.TennisTests.TestTennisScoring(3,3,Right,&quot;Advantage Right&quot;)" executed="True" result="Success" success="True" time="0.000" asserts="2" />
                          <test-case name="TennisKata.Tests.Unit.TennisTests.TestTennisScoring(3,0,Left,&quot;Left WINS!&quot;)" executed="True" result="Success" success="True" time="0.000" asserts="2" />
                          <test-case name="TennisKata.Tests.Unit.TennisTests.TestTennisScoring(0,3,Right,&quot;Right WINS!&quot;)" executed="True" result="Success" success="True" time="0.000" asserts="2" />
                          <test-case name="TennisKata.Tests.Unit.TennisTests.TestTennisScoring(4,4,Right,&quot;Advantage Right&quot;)" executed="True" result="Success" success="True" time="0.000" asserts="2" />
                          <test-case name="TennisKata.Tests.Unit.TennisTests.TestTennisScoring(4,4,Left,&quot;Advantage Left&quot;)" executed="True" result="Success" success="True" time="0.000" asserts="2" />
                        </results>
                      </test-suite>
                    </results>
                  </test-suite>
                </results>
              </test-suite>
            </results>
          </test-suite>
        </results>
      </test-suite>
    </results>
  </test-suite>
</test-results>