<?xml version="1.0" encoding="utf-8" standalone="no"?>
<!--This file represents the results of running a test suite-->
<test-results name="..\\TennisKata.Tests.Unit\bin\Debug\TennisKata.Tests.Unit.dll" total="24" errors="0" failures="0" not-run="0" inconclusive="0" ignored="0" skipped="0" invalid="0" date="2010-10-07" time="19:01:02">
  <environment nunit-version="2.5.5.10112" clr-version="2.0.50727.4206" os-version="Microsoft Windows NT 6.0.6002 Service Pack 2" platform="Win32NT" cwd="C:\Projects\Katas\10-7-2010\tools" machine-name="OFFICE" user="Matt" user-domain="OFFICE" />
  <culture-info current-culture="en-US" current-uiculture="en-US" />
  <test-suite type="Assembly" name="..\\TennisKata.Tests.Unit\bin\Debug\TennisKata.Tests.Unit.dll" executed="True" result="Success" success="True" time="0.179" asserts="0">
    <results>
      <test-suite type="Namespace" name="TennisKata" executed="True" result="Success" success="True" time="0.160" asserts="0">
        <results>
          <test-suite type="Namespace" name="Tests" executed="True" result="Success" success="True" time="0.151" asserts="0">
            <results>
              <test-suite type="Namespace" name="Unit" executed="True" result="Success" success="True" time="0.144" asserts="0">
                <results>
                  <test-suite type="TestFixture" name="TennisUnitTests" executed="True" result="Success" success="True" time="0.138" asserts="0">
                    <results>
                      <test-suite type="ParameterizedTest" name="TennisTests" executed="True" result="Success" success="True" time="0.122" asserts="0">
                        <results>
                          <test-case name="TennisKata.Tests.Unit.TennisUnitTests.TennisTests(0,3,Right,&quot;Right WINS!&quot;)" executed="True" result="Success" success="True" time="0.067" asserts="2" />
                          <test-case name="TennisKata.Tests.Unit.TennisUnitTests.TennisTests(0,0,None,&quot;Left: love Right: love&quot;)" executed="True" result="Success" success="True" time="0.003" asserts="2" />
                          <test-case name="TennisKata.Tests.Unit.TennisUnitTests.TennisTests(0,0,Left,&quot;Left: fifteen Right: love&quot;)" executed="True" result="Success" success="True" time="0.000" asserts="2" />
                          <test-case name="TennisKata.Tests.Unit.TennisUnitTests.TennisTests(1,0,Left,&quot;Left: thirty Right: love&quot;)" executed="True" result="Success" success="True" time="0.000" asserts="2" />
                          <test-case name="TennisKata.Tests.Unit.TennisUnitTests.TennisTests(2,0,Left,&quot;Left: forty Right: love&quot;)" executed="True" result="Success" success="True" time="0.000" asserts="2" />
                          <test-case name="TennisKata.Tests.Unit.TennisUnitTests.TennisTests(0,0,Right,&quot;Left: love Right: fifteen&quot;)" executed="True" result="Success" success="True" time="0.001" asserts="2" />
                          <test-case name="TennisKata.Tests.Unit.TennisUnitTests.TennisTests(0,1,Right,&quot;Left: love Right: thirty&quot;)" executed="True" result="Success" success="True" time="0.000" asserts="2" />
                          <test-case name="TennisKata.Tests.Unit.TennisUnitTests.TennisTests(0,2,Right,&quot;Left: love Right: forty&quot;)" executed="True" result="Success" success="True" time="0.000" asserts="2" />
                          <test-case name="TennisKata.Tests.Unit.TennisUnitTests.TennisTests(1,2,Left,&quot;Left: thirty Right: thirty&quot;)" executed="True" result="Success" success="True" time="0.000" asserts="2" />
                          <test-case name="TennisKata.Tests.Unit.TennisUnitTests.TennisTests(2,3,Left,&quot;deuce&quot;)" executed="True" result="Success" success="True" time="0.001" asserts="2" />
                          <test-case name="TennisKata.Tests.Unit.TennisUnitTests.TennisTests(3,4,Left,&quot;deuce&quot;)" executed="True" result="Success" success="True" time="0.000" asserts="2" />
                          <test-case name="TennisKata.Tests.Unit.TennisUnitTests.TennisTests(3,2,Right,&quot;deuce&quot;)" executed="True" result="Success" success="True" time="0.000" asserts="2" />
                          <test-case name="TennisKata.Tests.Unit.TennisUnitTests.TennisTests(125,126,Left,&quot;deuce&quot;)" executed="True" result="Success" success="True" time="0.000" asserts="2" />
                          <test-case name="TennisKata.Tests.Unit.TennisUnitTests.TennisTests(126,125,Right,&quot;deuce&quot;)" executed="True" result="Success" success="True" time="0.000" asserts="2" />
                          <test-case name="TennisKata.Tests.Unit.TennisUnitTests.TennisTests(3,3,Left,&quot;Advantage Left&quot;)" executed="True" result="Success" success="True" time="0.000" asserts="2" />
                          <test-case name="TennisKata.Tests.Unit.TennisUnitTests.TennisTests(3,3,Right,&quot;Advantage Right&quot;)" executed="True" result="Success" success="True" time="0.000" asserts="2" />
                          <test-case name="TennisKata.Tests.Unit.TennisUnitTests.TennisTests(126,126,Right,&quot;Advantage Right&quot;)" executed="True" result="Success" success="True" time="0.001" asserts="2" />
                          <test-case name="TennisKata.Tests.Unit.TennisUnitTests.TennisTests(126,126,Left,&quot;Advantage Left&quot;)" executed="True" result="Success" success="True" time="0.000" asserts="2" />
                          <test-case name="TennisKata.Tests.Unit.TennisUnitTests.TennisTests(3,0,Left,&quot;Left WINS!&quot;)" executed="True" result="Success" success="True" time="0.000" asserts="2" />
                          <test-case name="TennisKata.Tests.Unit.TennisUnitTests.TennisTests(4,3,Left,&quot;Left WINS!&quot;)" executed="True" result="Success" success="True" time="0.000" asserts="2" />
                          <test-case name="TennisKata.Tests.Unit.TennisUnitTests.TennisTests(3,4,Right,&quot;Right WINS!&quot;)" executed="True" result="Success" success="True" time="0.000" asserts="2" />
                          <test-case name="TennisKata.Tests.Unit.TennisUnitTests.TennisTests(5,4,Left,&quot;Left WINS!&quot;)" executed="True" result="Success" success="True" time="0.000" asserts="2" />
                          <test-case name="TennisKata.Tests.Unit.TennisUnitTests.TennisTests(6,5,Left,&quot;Left WINS!&quot;)" executed="True" result="Success" success="True" time="0.000" asserts="2" />
                          <test-case name="TennisKata.Tests.Unit.TennisUnitTests.TennisTests(5,6,Right,&quot;Right WINS!&quot;)" executed="True" result="Success" success="True" time="0.000" asserts="2" />
                        </results>
                      </test-suite>
                    </results>
                  </test-suite>
                </results>
              </test-suite>
            </results>
          </test-suite>
        </results>
      </test-suite>
    </results>
  </test-suite>
</test-results>