<?xml version="1.0" encoding="utf-8" standalone="no"?>
<!--This file represents the results of running a test suite-->
<test-results name="..\\KataFizzBuzz.Tests.Unit\bin\Debug\KataFizzBuzz.Tests.Unit.dll" total="4" errors="0" failures="0" not-run="0" inconclusive="0" ignored="0" skipped="0" invalid="0" date="2010-10-04" time="19:44:08">
  <environment nunit-version="2.5.5.10112" clr-version="2.0.50727.4206" os-version="Microsoft Windows NT 6.0.6002 Service Pack 2" platform="Win32NT" cwd="C:\Projects\Katas\10-4-2010\tools" machine-name="OFFICE" user="Matt" user-domain="OFFICE" />
  <culture-info current-culture="en-US" current-uiculture="en-US" />
  <test-suite type="Assembly" name="..\\KataFizzBuzz.Tests.Unit\bin\Debug\KataFizzBuzz.Tests.Unit.dll" executed="True" result="Success" success="True" time="0.143" asserts="0">
    <results>
      <test-suite type="Namespace" name="KataFizzBuzz" executed="True" result="Success" success="True" time="0.126" asserts="0">
        <results>
          <test-suite type="Namespace" name="Tests" executed="True" result="Success" success="True" time="0.124" asserts="0">
            <results>
              <test-suite type="Namespace" name="Unit" executed="True" result="Success" success="True" time="0.123" asserts="0">
                <results>
                  <test-suite type="TestFixture" name="FizzBuzzTests" executed="True" result="Success" success="True" time="0.115" asserts="0">
                    <results>
                      <test-suite type="ParameterizedTest" name="TestFizzBuzz" executed="True" result="Success" success="True" time="0.102" asserts="0">
                        <results>
                          <test-case name="KataFizzBuzz.Tests.Unit.FizzBuzzTests.TestFizzBuzz(15,&quot;FizzBuzz&quot;)" executed="True" result="Success" success="True" time="0.084" asserts="2" />
                          <test-case name="KataFizzBuzz.Tests.Unit.FizzBuzzTests.TestFizzBuzz(1,&quot;1&quot;)" executed="True" result="Success" success="True" time="0.000" asserts="2" />
                          <test-case name="KataFizzBuzz.Tests.Unit.FizzBuzzTests.TestFizzBuzz(3,&quot;Fizz&quot;)" executed="True" result="Success" success="True" time="0.000" asserts="2" />
                          <test-case name="KataFizzBuzz.Tests.Unit.FizzBuzzTests.TestFizzBuzz(5,&quot;Buzz&quot;)" executed="True" result="Success" success="True" time="0.000" asserts="2" />
                        </results>
                      </test-suite>
                    </results>
                  </test-suite>
                </results>
              </test-suite>
            </results>
          </test-suite>
        </results>
      </test-suite>
    </results>
  </test-suite>
</test-results>